分类: 📺央视频道, 名称: CCTV-1 综合, 有效: 15, IPv4: 364, IPv6: 83, 最小延迟: 1483 ms, 最高速率: 0.35 M/s, 平均速率: 0.30 M/s, 最高分辨率: 1920x1080, 平均帧率: 37.50, 视频编解码器: h264, 音频编解码器: mp2
分类: 📺央视频道, 名称: CCTV-2 财经, 有效: 15, IPv4: 346, IPv6: 74, 最小延迟: 1635 ms, 最高速率: 1.82 M/s, 平均速率: 0.39 M/s, 最高分辨率: 1920x1080, 平均帧率: 25.00, 视频编解码器: h264, 音频编解码器: aac
分类: 📺央视频道, 名称: CCTV-3 综艺, 有效: 15, IPv4: 347, IPv6: 65, 最小延迟: 1156 ms, 最高速率: 1.45 M/s, 平均速率: 0.40 M/s, 最高分辨率: 1920x1080, 平均帧率: 25.00, 视频编解码器: h264, 音频编解码器: aac
分类: 📺央视频道, 名称: CCTV-4 中文国际, 有效: 15, IPv4: 411, IPv6: 68, 最小延迟: 472 ms, 最高速率: 1.69 M/s, 平均速率: 0.43 M/s, 最高分辨率: 1920x1080, 平均帧率: 未知, 视频编解码器: 未知, 音频编解码器: 未知
分类: 📺央视频道, 名称: CCTV-5 体育, 有效: 15, IPv4: 381, IPv6: 78, 最小延迟: 1395 ms, 最高速率: 0.47 M/s, 平均速率: 0.30 M/s, 最高分辨率: 1920x1080, 平均帧率: 25.00, 视频编解码器: h264, 音频编解码器: aac
分类: 📺央视频道, 名称: CCTV-5+ 体育赛事, 有效: 6, IPv4: 194, IPv6: 50, 最小延迟: -103 ms, 最高速率: 69.28 M/s, 平均速率: 12.64 M/s, 最高分辨率: 1920x1080, 平均帧率: 32.37, 视频编解码器: h264, 音频编解码器: aac
分类: 📺央视频道, 名称: CCTV-6 电影, 有效: 11, IPv4: 339, IPv6: 62, 最小延迟: 119 ms, 最高速率: 1.34 M/s, 平均速率: 0.39 M/s, 最高分辨率: 1920x1080, 平均帧率: 32.27, 视频编解码器: h264, 音频编解码器: aac
分类: 📺央视频道, 名称: CCTV-7 国防军事, 有效: 15, IPv4: 322, IPv6: 72, 最小延迟: 1570 ms, 最高速率: 0.34 M/s, 平均速率: 0.28 M/s, 最高分辨率: 1280x720, 平均帧率: 25.00, 视频编解码器: h264, 音频编解码器: aac
分类: 📺央视频道, 名称: CCTV-8 电视剧, 有效: 15, IPv4: 342, IPv6: 60, 最小延迟: 48 ms, 最高速率: 3.15 M/s, 平均速率: 0.68 M/s, 最高分辨率: 1920x1080, 平均帧率: 30.91, 视频编解码器: h264, 音频编解码器: aac
分类: 📺央视频道, 名称: CCTV-9 纪录, 有效: 15, IPv4: 334, IPv6: 72, 最小延迟: 393 ms, 最高速率: 1.94 M/s, 平均速率: 0.42 M/s, 最高分辨率: 1920x1080, 平均帧率: 25.00, 视频编解码器: h264, 音频编解码器: aac
分类: 📺央视频道, 名称: CCTV-10 科教, 有效: 15, IPv4: 338, IPv6: 72, 最小延迟: 386 ms, 最高速率: 2.96 M/s, 平均速率: 0.68 M/s, 最高分辨率: 1920x1080, 平均帧率: 26.67, 视频编解码器: h264, 音频编解码器: aac
分类: 📺央视频道, 名称: CCTV-11 戏曲, 有效: 15, IPv4: 256, IPv6: 77, 最小延迟: 488 ms, 最高速率: 8.53 M/s, 平均速率: 0.93 M/s, 最高分辨率: 1920x1080, 平均帧率: 25.00, 视频编解码器: h264, 音频编解码器: aac
分类: 📺央视频道, 名称: CCTV-12 社会与法, 有效: 15, IPv4: 289, IPv6: 74, 最小延迟: 89 ms, 最高速率: 2.82 M/s, 平均速率: 0.58 M/s, 最高分辨率: 1920x1080, 平均帧率: 31.82, 视频编解码器: h264, 音频编解码器: aac
分类: 📺央视频道, 名称: CCTV-13 新闻, 有效: 15, IPv4: 265, IPv6: 77, 最小延迟: 637 ms, 最高速率: 3.10 M/s, 平均速率: 0.62 M/s, 最高分辨率: 1920x1080, 平均帧率: 25.00, 视频编解码器: h264, 音频编解码器: aac
分类: 📺央视频道, 名称: CCTV-14 少儿, 有效: 15, IPv4: 279, IPv6: 80, 最小延迟: 68 ms, 最高速率: 2.56 M/s, 平均速率: 0.52 M/s, 最高分辨率: 1920x1080, 平均帧率: 25.00, 视频编解码器: h264, 音频编解码器: aac
分类: 📺央视频道, 名称: CCTV-15 音乐, 有效: 15, IPv4: 254, IPv6: 79, 最小延迟: 70 ms, 最高速率: 15.42 M/s, 平均速率: 1.68 M/s, 最高分辨率: 1920x1080, 平均帧率: 25.00, 视频编解码器: h264, 音频编解码器: aac
分类: 📺央视频道, 名称: CCTV-16 奥林匹克, 有效: 4, IPv4: 119, IPv6: 34, 最小延迟: 453 ms, 最高速率: 3.47 M/s, 平均速率: 1.49 M/s, 最高分辨率: 1920x1080, 平均帧率: 28.75, 视频编解码器: h264, 音频编解码器: aac
分类: 📺央视频道, 名称: CCTV-17 农业农村, 有效: 8, IPv4: 184, IPv6: 57, 最小延迟: -151 ms, 最高速率: 1.88 M/s, 平均速率: 0.60 M/s, 最高分辨率: 1920x1080, 平均帧率: 29.47, 视频编解码器: h264, 音频编解码器: aac
分类: 📺央视频道, 名称: CCTV-中学生, 有效: 0, IPv4: 7, IPv6: 0, 最小延迟: -1 ms, 最高速率: 0.00 M/s, 平均速率: 0.00 M/s, 最高分辨率: None, 平均帧率: 未知, 视频编解码器: 未知, 音频编解码器: 未知
分类: 📺央视频道, 名称: CCTV-发现之旅, 有效: 0, IPv4: 3, IPv6: 0, 最小延迟: -1 ms, 最高速率: 0.00 M/s, 平均速率: 0.00 M/s, 最高分辨率: None, 平均帧率: 未知, 视频编解码器: 未知, 音频编解码器: 未知
分类: 📺央视频道, 名称: CCTV-老故事, 有效: 0, IPv4: 7, IPv6: 1, 最小延迟: -1 ms, 最高速率: 0.00 M/s, 平均速率: 0.00 M/s, 最高分辨率: None, 平均帧率: 未知, 视频编解码器: 未知, 音频编解码器: 未知
分类: 📺央视频道, 名称: CHC动作电影, 有效: 9, IPv4: 29, IPv6: 50, 最小延迟: 70 ms, 最高速率: 2.15 M/s, 平均速率: 0.93 M/s, 最高分辨率: 1920x1080, 平均帧率: 25.49, 视频编解码器: h264, 音频编解码器: aac
分类: 📺央视频道, 名称: CHC高清电影, 有效: 1, IPv4: 6, IPv6: 1, 最小延迟: 1569 ms, 最高速率: 0.46 M/s, 平均速率: 0.33 M/s, 最高分辨率: 1920x1080, 平均帧率: 50.00, 视频编解码器: h264, 音频编解码器: mp2
分类: 📺央视频道, 名称: CHC家庭影院, 有效: 8, IPv4: 24, IPv6: 39, 最小延迟: 457 ms, 最高速率: 2.11 M/s, 平均速率: 0.97 M/s, 最高分辨率: 1920x1080, 平均帧率: 25.48, 视频编解码器: h264, 音频编解码器: aac
分类: 📺央视频道, 名称: CHC影迷电影, 有效: 0, IPv4: 9, IPv6: 4, 最小延迟: 1524 ms, 最高速率: 0.13 M/s, 平均速率: 0.00 M/s, 最高分辨率: 1920x1080, 平均帧率: 25.00, 视频编解码器: h264, 音频编解码器: aac
分类: 📺CETV（中国教育电视台）, 名称: CETV-1 教育综合, 有效: 0, IPv4: 16, IPv6: 5, 最小延迟: 1279 ms, 最高速率: 0.44 M/s, 平均速率: 0.00 M/s, 最高分辨率: 1920x1080, 平均帧率: 30.00, 视频编解码器: h264, 音频编解码器: aac
分类: 📺CETV（中国教育电视台）, 名称: CETV-2 教育教学, 有效: 0, IPv4: 19, IPv6: 3, 最小延迟: 1266 ms, 最高速率: 0.45 M/s, 平均速率: 0.00 M/s, 最高分辨率: 1920x1080, 平均帧率: 30.00, 视频编解码器: h264, 音频编解码器: aac
分类: 📺CETV（中国教育电视台）, 名称: CETV-3 北京地面, 有效: 0, IPv4: 0, IPv6: 6, 最小延迟: -1 ms, 最高速率: 0.00 M/s, 平均速率: 0.00 M/s, 最高分辨率: None, 平均帧率: 未知, 视频编解码器: 未知, 音频编解码器: 未知
分类: 📺CETV（中国教育电视台）, 名称: CETV-早期教育, 有效: 0, IPv4: 3, IPv6: 0, 最小延迟: -1 ms, 最高速率: 0.00 M/s, 平均速率: 0.00 M/s, 最高分辨率: None, 平均帧率: 未知, 视频编解码器: 未知, 音频编解码器: 未知
分类: 📺CETV（中国教育电视台）, 名称: CETV-4 职业教育（空中课堂）, 有效: 0, IPv4: 17, IPv6: 7, 最小延迟: -1 ms, 最高速率: 0.00 M/s, 平均速率: 0.00 M/s, 最高分辨率: 1920x1080, 平均帧率: 未知, 视频编解码器: 未知, 音频编解码器: 未知
分类: 💰央视付费频道, 名称: CCTV-第一剧场, 有效: 2, IPv4: 12, IPv6: 5, 最小延迟: 672 ms, 最高速率: 0.72 M/s, 平均速率: 0.50 M/s, 最高分辨率: 1920x1080, 平均帧率: 33.33, 视频编解码器: h264, 音频编解码器: aac
分类: 💰央视付费频道, 名称: CCTV-风云剧场, 有效: 0, IPv4: 11, IPv6: 3, 最小延迟: 1820 ms, 最高速率: 0.23 M/s, 平均速率: 0.00 M/s, 最高分辨率: 1920x1080, 平均帧率: 50.00, 视频编解码器: h264, 音频编解码器: aac
分类: 💰央视付费频道, 名称: CCTV-怀旧剧场, 有效: 0, IPv4: 9, IPv6: 3, 最小延迟: 2341 ms, 最高速率: 0.60 M/s, 平均速率: 0.00 M/s, 最高分辨率: 1920x1080, 平均帧率: 25.00, 视频编解码器: h264, 音频编解码器: aac
分类: 💰央视付费频道, 名称: CCTV-世界地理, 有效: 0, IPv4: 11, IPv6: 1, 最小延迟: 1838 ms, 最高速率: 0.43 M/s, 平均速率: 0.00 M/s, 最高分辨率: 1920x1080, 平均帧率: 25.00, 视频编解码器: h264, 音频编解码器: aac
分类: 💰央视付费频道, 名称: CCTV-央视文化精品, 有效: 1, IPv4: 12, IPv6: 3, 最小延迟: 2563 ms, 最高速率: 0.90 M/s, 平均速率: 0.90 M/s, 最高分辨率: 1920x1080, 平均帧率: 25.00, 视频编解码器: h264, 音频编解码器: aac
分类: 💰央视付费频道, 名称: CCTV-风云音乐, 有效: 1, IPv4: 9, IPv6: 4, 最小延迟: 583 ms, 最高速率: 0.73 M/s, 平均速率: 0.73 M/s, 最高分辨率: 1920x1080, 平均帧率: 25.00, 视频编解码器: h264, 音频编解码器: aac
分类: 💰央视付费频道, 名称: CCTV-央视台球, 有效: 2, IPv4: 10, IPv6: 4, 最小延迟: 1336 ms, 最高速率: 1.02 M/s, 平均速率: 0.31 M/s, 最高分辨率: 1920x1080, 平均帧率: 25.00, 视频编解码器: h264, 音频编解码器: aac
分类: 💰央视付费频道, 名称: CCTV-风云足球, 有效: 1, IPv4: 11, IPv6: 6, 最小延迟: 559 ms, 最高速率: 0.66 M/s, 平均速率: 0.66 M/s, 最高分辨率: 1920x1080, 平均帧率: 25.00, 视频编解码器: h264, 音频编解码器: aac
分类: 💰央视付费频道, 名称: CCTV-兵器科技, 有效: 0, IPv4: 11, IPv6: 2, 最小延迟: 2238 ms, 最高速率: 0.25 M/s, 平均速率: 0.00 M/s, 最高分辨率: 1920x1080, 平均帧率: 25.00, 视频编解码器: h264, 音频编解码器: aac
分类: 💰央视付费频道, 名称: CCTV-卫生健康, 有效: 0, IPv4: 2, IPv6: 0, 最小延迟: -1 ms, 最高速率: 0.00 M/s, 平均速率: 0.00 M/s, 最高分辨率: None, 平均帧率: 未知, 视频编解码器: 未知, 音频编解码器: 未知
分类: 💰央视付费频道, 名称: CCTV-电视指南, 有效: 0, IPv4: 9, IPv6: 1, 最小延迟: 2151 ms, 最高速率: 0.16 M/s, 平均速率: 0.00 M/s, 最高分辨率: 1280x720, 平均帧率: 25.00, 视频编解码器: h264, 音频编解码器: aac
分类: 💰央视付费频道, 名称: CCTV-高尔夫·网球, 有效: 0, IPv4: 5, IPv6: 3, 最小延迟: 2582 ms, 最高速率: 0.45 M/s, 平均速率: 0.00 M/s, 最高分辨率: 1920x1080, 平均帧率: 25.00, 视频编解码器: h264, 音频编解码器: aac
分类: 📺CGTN（中国国际电视台）, 名称: CGTN 国际, 有效: 3, IPv4: 14, IPv6: 3, 最小延迟: 1002 ms, 最高速率: 2.99 M/s, 平均速率: 2.75 M/s, 最高分辨率: 1920x1080, 平均帧率: 未知, 视频编解码器: 未知, 音频编解码器: 未知
分类: 📺CGTN（中国国际电视台）, 名称: CGTN-Français （CGTN法语）, 有效: 2, IPv4: 10, IPv6: 2, 最小延迟: 945 ms, 最高速率: 4.07 M/s, 平均速率: 3.94 M/s, 最高分辨率: 1920x1080, 平均帧率: 未知, 视频编解码器: 未知, 音频编解码器: 未知
分类: 💰央视付费频道, 名称: CCTV-女性时尚, 有效: 1, IPv4: 13, IPv6: 2, 最小延迟: 1381 ms, 最高速率: 1.62 M/s, 平均速率: 1.62 M/s, 最高分辨率: 1920x1080, 平均帧率: 未知, 视频编解码器: 未知, 音频编解码器: 未知
分类: 📺CGTN（中国国际电视台）, 名称: CGTN-العربية （CGTN阿语）, 有效: 1, IPv4: 9, IPv6: 1, 最小延迟: 979 ms, 最高速率: 3.82 M/s, 平均速率: 3.82 M/s, 最高分辨率: 1920x1080, 平均帧率: 未知, 视频编解码器: 未知, 音频编解码器: 未知
分类: 📺CGTN（中国国际电视台）, 名称: CGTN-Pусский （CGTN俄语）, 有效: 2, IPv4: 10, IPv6: 1, 最小延迟: -42 ms, 最高速率: 40.97 M/s, 平均速率: 22.51 M/s, 最高分辨率: 1920x1080, 平均帧率: 未知, 视频编解码器: 未知, 音频编解码器: 未知
分类: 📺CGTN（中国国际电视台）, 名称: CGTN-Documentary （CGTN纪录）, 有效: 2, IPv4: 9, IPv6: 4, 最小延迟: 886 ms, 最高速率: 3.66 M/s, 平均速率: 3.11 M/s, 最高分辨率: 1280x720, 平均帧率: 未知, 视频编解码器: 未知, 音频编解码器: 未知
分类: 📺CGTN（中国国际电视台）, 名称: CGTN-Español （CGTN西语）, 有效: 0, IPv4: 9, IPv6: 1, 最小延迟: 921 ms, 最高速率: 0.00 M/s, 平均速率: 0.00 M/s, 最高分辨率: 1920x1080, 平均帧率: 未知, 视频编解码器: 未知, 音频编解码器: 未知
分类: 📡卫视频道, 名称: 安徽卫视, 有效: 15, IPv4: 236, IPv6: 83, 最小延迟: 1285 ms, 最高速率: 0.73 M/s, 平均速率: 0.33 M/s, 最高分辨率: 1920x1080, 平均帧率: 37.50, 视频编解码器: h264, 音频编解码器: mp2
分类: 📡卫视频道, 名称: 东方卫视（上海卫视）, 有效: 15, IPv4: 267, IPv6: 102, 最小延迟: 334 ms, 最高速率: 1.49 M/s, 平均速率: 0.63 M/s, 最高分辨率: 1920x1080, 平均帧率: 43.57, 视频编解码器: h264, 音频编解码器: mp2
分类: 📡卫视频道, 名称: 东南卫视（福建卫视）, 有效: 15, IPv4: 227, IPv6: 79, 最小延迟: 475 ms, 最高速率: 1.70 M/s, 平均速率: 0.64 M/s, 最高分辨率: 1920x1080, 平均帧率: 29.00, 视频编解码器: h264, 音频编解码器: aac
分类: 📡卫视频道, 名称: 甘肃卫视, 有效: 15, IPv4: 121, IPv6: 58, 最小延迟: 430 ms, 最高速率: 1.89 M/s, 平均速率: 0.65 M/s, 最高分辨率: 1920x1080, 平均帧率: 32.50, 视频编解码器: h264, 音频编解码器: aac
分类: 📡卫视频道, 名称: 广东卫视, 有效: 15, IPv4: 268, IPv6: 89, 最小延迟: 424 ms, 最高速率: 46.11 M/s, 平均速率: 3.84 M/s, 最高分辨率: 1920x1080, 平均帧率: 26.67, 视频编解码器: h264, 音频编解码器: aac
分类: 📡卫视频道, 名称: 广西卫视, 有效: 15, IPv4: 203, IPv6: 62, 最小延迟: 839 ms, 最高速率: 1.47 M/s, 平均速率: 0.52 M/s, 最高分辨率: 1920x1080, 平均帧率: 28.57, 视频编解码器: h264, 音频编解码器: aac
分类: 📡卫视频道, 名称: 贵州卫视, 有效: 15, IPv4: 231, IPv6: 73, 最小延迟: 386 ms, 最高速率: 1.26 M/s, 平均速率: 0.41 M/s, 最高分辨率: 1920x1080, 平均帧率: 27.50, 视频编解码器: h264, 音频编解码器: aac
分类: 📡卫视频道, 名称: 海南卫视（旅游卫视）, 有效: 15, IPv4: 150, IPv6: 70, 最小延迟: 579 ms, 最高速率: 1.39 M/s, 平均速率: 0.39 M/s, 最高分辨率: 1920x1080, 平均帧率: 26.50, 视频编解码器: h264, 音频编解码器: aac
分类: 📡卫视频道, 名称: 河北卫视, 有效: 15, IPv4: 200, IPv6: 82, 最小延迟: 1048 ms, 最高速率: 0.84 M/s, 平均速率: 0.35 M/s, 最高分辨率: 1920x1080, 平均帧率: 40.00, 视频编解码器: h264, 音频编解码器: aac
分类: 📡卫视频道, 名称: 河南卫视, 有效: 15, IPv4: 229, IPv6: 64, 最小延迟: 444 ms, 最高速率: 1.93 M/s, 平均速率: 0.81 M/s, 最高分辨率: 1920x1080, 平均帧率: 31.67, 视频编解码器: h264, 音频编解码器: aac
分类: 📡卫视频道, 名称: 黑龙江卫视, 有效: 14, IPv4: 216, IPv6: 88, 最小延迟: 459 ms, 最高速率: 6.95 M/s, 平均速率: 0.98 M/s, 最高分辨率: 1920x1080, 平均帧率: 35.45, 视频编解码器: h264, 音频编解码器: aac
分类: 📡卫视频道, 名称: 湖北卫视, 有效: 15, IPv4: 257, IPv6: 93, 最小延迟: 1327 ms, 最高速率: 0.61 M/s, 平均速率: 0.30 M/s, 最高分辨率: 1920x1080, 平均帧率: 32.73, 视频编解码器: h264, 音频编解码器: aac
